[1.233s] Invoking command in '/root/ros2_ws/build/hw1': PYTHONPATH=/root/ros2_ws/build/hw1/prefix_override:/usr/lib/python3/dist-packages/colcon_core/task/python/colcon_distutils_commands:/root/ros2_ws/install/hw1/lib/python3.12/site-packages:${PYTHONPATH} /usr/bin/python3 -W ignore:setup.py install is deprecated -W ignore:easy_install command is deprecated setup.py develop --editable --build-directory /root/ros2_ws/build/hw1/build --no-deps symlink_data
[1.693s] running develop
[1.973s] running egg_info
[2.000s] writing hw1.egg-info/PKG-INFO
[2.000s] writing dependency_links to hw1.egg-info/dependency_links.txt
[2.001s] writing entry points to hw1.egg-info/entry_points.txt
[2.002s] writing requirements to hw1.egg-info/requires.txt
[2.002s] writing top-level names to hw1.egg-info/top_level.txt
[2.059s] reading manifest file 'hw1.egg-info/SOURCES.txt'
[2.059s] writing manifest file 'hw1.egg-info/SOURCES.txt'
[2.088s] running build_ext
[2.088s] Creating /root/ros2_ws/install/hw1/lib/python3.12/site-packages/hw1.egg-link (link to .)
[2.089s] Installing circle script to /root/ros2_ws/install/hw1/lib/hw1
[2.089s] Installing diamond script to /root/ros2_ws/install/hw1/lib/hw1
[2.089s] Installing random script to /root/ros2_ws/install/hw1/lib/hw1
[2.089s] Installing rectangle script to /root/ros2_ws/install/hw1/lib/hw1
[2.090s] 
[2.090s] Installed /root/ros2_ws/build/hw1
[2.090s] running symlink_data
[2.194s] Invoked command in '/root/ros2_ws/build/hw1' returned '0': PYTHONPATH=/root/ros2_ws/build/hw1/prefix_override:/usr/lib/python3/dist-packages/colcon_core/task/python/colcon_distutils_commands:/root/ros2_ws/install/hw1/lib/python3.12/site-packages:${PYTHONPATH} /usr/bin/python3 -W ignore:setup.py install is deprecated -W ignore:easy_install command is deprecated setup.py develop --editable --build-directory /root/ros2_ws/build/hw1/build --no-deps symlink_data
