[1.231s] Invoking command in '/root/ros2_ws/build/hw1': PYTHONPATH=/root/ros2_ws/build/hw1/prefix_override:/usr/lib/python3/dist-packages/colcon_core/task/python/colcon_distutils_commands:/root/ros2_ws/install/hw1/lib/python3.12/site-packages:${PYTHONPATH} /usr/bin/python3 -W ignore:setup.py install is deprecated -W ignore:easy_install command is deprecated setup.py develop --editable --build-directory /root/ros2_ws/build/hw1/build --no-deps symlink_data
[1.698s] running develop
[1.978s] running egg_info
[1.978s] creating hw1.egg-info
[2.006s] writing hw1.egg-info/PKG-INFO
[2.006s] writing dependency_links to hw1.egg-info/dependency_links.txt
[2.007s] writing entry points to hw1.egg-info/entry_points.txt
[2.007s] writing requirements to hw1.egg-info/requires.txt
[2.007s] writing top-level names to hw1.egg-info/top_level.txt
[2.007s] writing manifest file 'hw1.egg-info/SOURCES.txt'
[2.062s] reading manifest file 'hw1.egg-info/SOURCES.txt'
[2.063s] writing manifest file 'hw1.egg-info/SOURCES.txt'
[2.091s] running build_ext
[2.091s] Creating /root/ros2_ws/install/hw1/lib/python3.12/site-packages/hw1.egg-link (link to .)
[2.092s] Installing circle script to /root/ros2_ws/install/hw1/lib/hw1
[2.092s] 
[2.092s] Installed /root/ros2_ws/build/hw1
[2.092s] running symlink_data
[2.092s] creating /root/ros2_ws/install/hw1/share/ament_index
[2.092s] creating /root/ros2_ws/install/hw1/share/ament_index/resource_index
[2.093s] creating /root/ros2_ws/install/hw1/share/ament_index/resource_index/packages
[2.093s] symbolically linking /root/ros2_ws/build/hw1/resource/hw1 -> /root/ros2_ws/install/hw1/share/ament_index/resource_index/packages
[2.093s] symbolically linking /root/ros2_ws/build/hw1/package.xml -> /root/ros2_ws/install/hw1/share/hw1
[2.187s] Invoked command in '/root/ros2_ws/build/hw1' returned '0': PYTHONPATH=/root/ros2_ws/build/hw1/prefix_override:/usr/lib/python3/dist-packages/colcon_core/task/python/colcon_distutils_commands:/root/ros2_ws/install/hw1/lib/python3.12/site-packages:${PYTHONPATH} /usr/bin/python3 -W ignore:setup.py install is deprecated -W ignore:easy_install command is deprecated setup.py develop --editable --build-directory /root/ros2_ws/build/hw1/build --no-deps symlink_data
