[1.202s] Invoking command in '/root/ros2_ws/src/py_pubsub': PYTHONPATH=/root/ros2_ws/src/py_pubsub/build/py_pubsub/prefix_override:/usr/lib/python3/dist-packages/colcon_core/task/python/colcon_distutils_commands:/root/ros2_ws/src/py_pubsub/install/py_pubsub/lib/python3.12/site-packages:${PYTHONPATH} /usr/bin/python3 -W ignore:setup.py install is deprecated -W ignore:easy_install command is deprecated setup.py egg_info --egg-base build/py_pubsub build --build-base /root/ros2_ws/src/py_pubsub/build/py_pubsub/build install --record /root/ros2_ws/src/py_pubsub/build/py_pubsub/install.log --single-version-externally-managed install_data
[1.573s] running egg_info
[1.573s] creating build/py_pubsub/py_pubsub.egg-info
[1.601s] writing build/py_pubsub/py_pubsub.egg-info/PKG-INFO
[1.601s] writing dependency_links to build/py_pubsub/py_pubsub.egg-info/dependency_links.txt
[1.602s] writing entry points to build/py_pubsub/py_pubsub.egg-info/entry_points.txt
[1.602s] writing requirements to build/py_pubsub/py_pubsub.egg-info/requires.txt
[1.602s] writing top-level names to build/py_pubsub/py_pubsub.egg-info/top_level.txt
[1.602s] writing manifest file 'build/py_pubsub/py_pubsub.egg-info/SOURCES.txt'
[1.659s] reading manifest file 'build/py_pubsub/py_pubsub.egg-info/SOURCES.txt'
[1.659s] adding license file 'LICENSE'
[1.660s] writing manifest file 'build/py_pubsub/py_pubsub.egg-info/SOURCES.txt'
[1.661s] running build
[1.661s] running build_py
[1.661s] creating /root/ros2_ws/src/py_pubsub/build/py_pubsub/build
[1.661s] creating /root/ros2_ws/src/py_pubsub/build/py_pubsub/build/lib
[1.661s] creating /root/ros2_ws/src/py_pubsub/build/py_pubsub/build/lib/py_pubsub
[1.661s] copying py_pubsub/publisher_member_function.py -> /root/ros2_ws/src/py_pubsub/build/py_pubsub/build/lib/py_pubsub
[1.661s] copying py_pubsub/subscriber_member_function.py -> /root/ros2_ws/src/py_pubsub/build/py_pubsub/build/lib/py_pubsub
[1.661s] copying py_pubsub/__init__.py -> /root/ros2_ws/src/py_pubsub/build/py_pubsub/build/lib/py_pubsub
[1.662s] running install
[1.671s] running install_lib
[1.699s] creating /root/ros2_ws/src/py_pubsub/install/py_pubsub/lib/python3.12/site-packages/py_pubsub
[1.699s] copying /root/ros2_ws/src/py_pubsub/build/py_pubsub/build/lib/py_pubsub/publisher_member_function.py -> /root/ros2_ws/src/py_pubsub/install/py_pubsub/lib/python3.12/site-packages/py_pubsub
[1.699s] copying /root/ros2_ws/src/py_pubsub/build/py_pubsub/build/lib/py_pubsub/subscriber_member_function.py -> /root/ros2_ws/src/py_pubsub/install/py_pubsub/lib/python3.12/site-packages/py_pubsub
[1.699s] copying /root/ros2_ws/src/py_pubsub/build/py_pubsub/build/lib/py_pubsub/__init__.py -> /root/ros2_ws/src/py_pubsub/install/py_pubsub/lib/python3.12/site-packages/py_pubsub
[1.700s] byte-compiling /root/ros2_ws/src/py_pubsub/install/py_pubsub/lib/python3.12/site-packages/py_pubsub/publisher_member_function.py to publisher_member_function.cpython-312.pyc
[1.700s] byte-compiling /root/ros2_ws/src/py_pubsub/install/py_pubsub/lib/python3.12/site-packages/py_pubsub/subscriber_member_function.py to subscriber_member_function.cpython-312.pyc
[1.701s] byte-compiling /root/ros2_ws/src/py_pubsub/install/py_pubsub/lib/python3.12/site-packages/py_pubsub/__init__.py to __init__.cpython-312.pyc
[1.701s] running install_data
[1.701s] creating /root/ros2_ws/src/py_pubsub/install/py_pubsub/share/ament_index
[1.701s] creating /root/ros2_ws/src/py_pubsub/install/py_pubsub/share/ament_index/resource_index
[1.701s] creating /root/ros2_ws/src/py_pubsub/install/py_pubsub/share/ament_index/resource_index/packages
[1.702s] copying resource/py_pubsub -> /root/ros2_ws/src/py_pubsub/install/py_pubsub/share/ament_index/resource_index/packages
[1.702s] copying package.xml -> /root/ros2_ws/src/py_pubsub/install/py_pubsub/share/py_pubsub
[1.702s] running install_egg_info
[1.733s] Copying build/py_pubsub/py_pubsub.egg-info to /root/ros2_ws/src/py_pubsub/install/py_pubsub/lib/python3.12/site-packages/py_pubsub-0.0.0-py3.12.egg-info
[1.734s] running install_scripts
[1.926s] Installing listener script to /root/ros2_ws/src/py_pubsub/install/py_pubsub/lib/py_pubsub
[1.926s] Installing talker script to /root/ros2_ws/src/py_pubsub/install/py_pubsub/lib/py_pubsub
[1.927s] writing list of installed files to '/root/ros2_ws/src/py_pubsub/build/py_pubsub/install.log'
[2.009s] Invoked command in '/root/ros2_ws/src/py_pubsub' returned '0': PYTHONPATH=/root/ros2_ws/src/py_pubsub/build/py_pubsub/prefix_override:/usr/lib/python3/dist-packages/colcon_core/task/python/colcon_distutils_commands:/root/ros2_ws/src/py_pubsub/install/py_pubsub/lib/python3.12/site-packages:${PYTHONPATH} /usr/bin/python3 -W ignore:setup.py install is deprecated -W ignore:easy_install command is deprecated setup.py egg_info --egg-base build/py_pubsub build --build-base /root/ros2_ws/src/py_pubsub/build/py_pubsub/build install --record /root/ros2_ws/src/py_pubsub/build/py_pubsub/install.log --single-version-externally-managed install_data
